<?xml version="1.0" encoding="UTF-8"?>
<coverage generated="1769030545690" clover="3.2.0">
  <project timestamp="1769030545691" name="All files">
    <metrics statements="196" coveredstatements="196" conditionals="129" coveredconditionals="129" methods="56" coveredmethods="56" elements="381" coveredelements="381" complexity="0" loc="196" ncloc="196" packages="1" files="3" classes="3"/>
    <file name="calculations.ts" path="/Users/manoelnascimento/Rumo-Operacional/utils/calculations.ts">
      <metrics statements="79" coveredstatements="79" conditionals="39" coveredconditionals="39" methods="28" coveredmethods="28"/>
      <line num="41" count="1" type="stmt"/>
      <line num="45" count="35" type="cond" truecount="4" falsecount="0"/>
      <line num="46" count="15" type="stmt"/>
      <line num="47" count="9" type="cond" truecount="2" falsecount="0"/>
      <line num="50" count="26" type="cond" truecount="2" falsecount="0"/>
      <line num="51" count="9" type="stmt"/>
      <line num="54" count="17" type="stmt"/>
      <line num="64" count="1" type="stmt"/>
      <line num="69" count="11" type="stmt"/>
      <line num="70" count="33" type="stmt"/>
      <line num="71" count="33" type="cond" truecount="2" falsecount="0"/>
      <line num="81" count="1" type="stmt"/>
      <line num="85" count="6" type="stmt"/>
      <line num="86" count="18" type="stmt"/>
      <line num="87" count="18" type="stmt"/>
      <line num="88" count="18" type="stmt"/>
      <line num="90" count="18" type="stmt"/>
      <line num="91" count="30" type="stmt"/>
      <line num="92" count="30" type="cond" truecount="2" falsecount="0"/>
      <line num="93" count="12" type="stmt"/>
      <line num="94" count="12" type="cond" truecount="2" falsecount="0"/>
      <line num="95" count="12" type="stmt"/>
      <line num="99" count="18" type="stmt"/>
      <line num="107" count="18" type="stmt"/>
      <line num="117" count="1" type="stmt"/>
      <line num="122" count="6" type="stmt"/>
      <line num="123" count="36" type="stmt"/>
      <line num="124" count="18" type="stmt"/>
      <line num="126" count="12" type="stmt"/>
      <line num="127" count="12" type="stmt"/>
      <line num="128" count="12" type="stmt"/>
      <line num="130" count="12" type="stmt"/>
      <line num="131" count="16" type="cond" truecount="4" falsecount="0"/>
      <line num="132" count="4" type="stmt"/>
      <line num="133" count="8" type="cond" truecount="2" falsecount="0"/>
      <line num="134" count="4" type="stmt"/>
      <line num="135" count="4" type="cond" truecount="2" falsecount="0"/>
      <line num="136" count="4" type="stmt"/>
      <line num="139" count="12" type="cond" truecount="2" falsecount="0"/>
      <line num="140" count="6" type="stmt"/>
      <line num="141" count="6" type="cond" truecount="2" falsecount="0"/>
      <line num="142" count="6" type="stmt"/>
      <line num="146" count="12" type="stmt"/>
      <line num="154" count="12" type="stmt"/>
      <line num="166" count="1" type="stmt"/>
      <line num="173" count="2" type="stmt"/>
      <line num="175" count="2" type="stmt"/>
      <line num="176" count="2" type="stmt"/>
      <line num="178" count="2" type="stmt"/>
      <line num="179" count="2" type="stmt"/>
      <line num="180" count="2" type="stmt"/>
      <line num="181" count="1" type="stmt"/>
      <line num="183" count="2" type="stmt"/>
      <line num="199" count="1" type="stmt"/>
      <line num="200" count="4" type="cond" truecount="2" falsecount="0"/>
      <line num="201" count="3" type="stmt"/>
      <line num="210" count="1" type="stmt"/>
      <line num="214" count="3" type="cond" truecount="2" falsecount="0"/>
      <line num="216" count="2" type="stmt"/>
      <line num="217" count="2" type="stmt"/>
      <line num="219" count="2" type="stmt"/>
      <line num="220" count="5" type="cond" truecount="2" falsecount="0"/>
      <line num="221" count="5" type="stmt"/>
      <line num="235" count="1" type="stmt"/>
      <line num="236" count="3" type="stmt"/>
      <line num="246" count="1" type="stmt"/>
      <line num="251" count="4" type="cond" truecount="2" falsecount="0"/>
      <line num="252" count="3" type="stmt"/>
      <line num="253" count="3" type="stmt"/>
      <line num="254" count="3" type="stmt"/>
      <line num="262" count="1" type="stmt"/>
      <line num="270" count="3" type="cond" truecount="2" falsecount="0"/>
      <line num="271" count="1" type="stmt"/>
      <line num="281" count="6" type="stmt"/>
      <line num="282" count="6" type="stmt"/>
      <line num="284" count="2" type="stmt"/>
      <line num="285" count="2" type="stmt"/>
      <line num="286" count="6" type="cond" truecount="2" falsecount="0"/>
      <line num="289" count="2" type="stmt"/>
    </file>
    <file name="formatters.ts" path="/Users/manoelnascimento/Rumo-Operacional/utils/formatters.ts">
      <metrics statements="49" coveredstatements="49" conditionals="36" coveredconditionals="36" methods="12" coveredmethods="12"/>
      <line num="10" count="1" type="stmt"/>
      <line num="11" count="5" type="stmt"/>
      <line num="23" count="1" type="stmt"/>
      <line num="24" count="5" type="stmt"/>
      <line num="25" count="5" type="cond" truecount="2" falsecount="0"/>
      <line num="27" count="4" type="stmt"/>
      <line num="31" count="4" type="stmt"/>
      <line num="39" count="1" type="stmt"/>
      <line num="40" count="3" type="stmt"/>
      <line num="41" count="3" type="cond" truecount="2" falsecount="0"/>
      <line num="42" count="2" type="stmt"/>
      <line num="50" count="1" type="stmt"/>
      <line num="51" count="2" type="stmt"/>
      <line num="52" count="2" type="cond" truecount="2" falsecount="0"/>
      <line num="54" count="1" type="stmt"/>
      <line num="65" count="1" type="stmt"/>
      <line num="66" count="2" type="stmt"/>
      <line num="67" count="2" type="cond" truecount="2" falsecount="0"/>
      <line num="69" count="1" type="stmt"/>
      <line num="81" count="1" type="stmt"/>
      <line num="82" count="3" type="stmt"/>
      <line num="83" count="3" type="cond" truecount="2" falsecount="0"/>
      <line num="85" count="2" type="stmt"/>
      <line num="86" count="2" type="stmt"/>
      <line num="87" count="2" type="stmt"/>
      <line num="89" count="2" type="stmt"/>
      <line num="97" count="1" type="stmt"/>
      <line num="98" count="12" type="stmt"/>
      <line num="99" count="12" type="cond" truecount="2" falsecount="0"/>
      <line num="101" count="11" type="stmt"/>
      <line num="103" count="11" type="cond" truecount="5" falsecount="0"/>
      <line num="104" count="9" type="cond" truecount="4" falsecount="0"/>
      <line num="105" count="7" type="cond" truecount="4" falsecount="0"/>
      <line num="106" count="6" type="cond" truecount="4" falsecount="0"/>
      <line num="108" count="4" type="stmt"/>
      <line num="111" count="4" type="cond" truecount="5" falsecount="0"/>
      <line num="114" count="2" type="stmt"/>
      <line num="117" count="2" type="stmt"/>
      <line num="125" count="1" type="stmt"/>
      <line num="126" count="3" type="stmt"/>
      <line num="127" count="3" type="stmt"/>
      <line num="135" count="1" type="stmt"/>
      <line num="136" count="1" type="stmt"/>
      <line num="137" count="1" type="stmt"/>
      <line num="138" count="1" type="stmt"/>
      <line num="147" count="1" type="cond" truecount="1" falsecount="0"/>
      <line num="148" count="3" type="stmt"/>
      <line num="160" count="1" type="cond" truecount="1" falsecount="0"/>
      <line num="161" count="4" type="stmt"/>
    </file>
    <file name="validators.ts" path="/Users/manoelnascimento/Rumo-Operacional/utils/validators.ts">
      <metrics statements="68" coveredstatements="68" conditionals="54" coveredconditionals="54" methods="16" coveredmethods="16"/>
      <line num="10" count="1" type="stmt"/>
      <line num="11" count="36" type="cond" truecount="3" falsecount="0"/>
      <line num="19" count="1" type="stmt"/>
      <line num="20" count="15" type="cond" truecount="4" falsecount="0"/>
      <line num="22" count="14" type="cond" truecount="2" falsecount="0"/>
      <line num="23" count="14" type="cond" truecount="2" falsecount="0"/>
      <line num="31" count="1" type="stmt"/>
      <line num="32" count="7" type="cond" truecount="4" falsecount="0"/>
      <line num="34" count="5" type="cond" truecount="2" falsecount="0"/>
      <line num="35" count="5" type="cond" truecount="2" falsecount="0"/>
      <line num="43" count="1" type="stmt"/>
      <line num="44" count="12" type="stmt"/>
      <line num="45" count="12" type="stmt"/>
      <line num="53" count="1" type="stmt"/>
      <line num="54" count="8" type="cond" truecount="2" falsecount="0"/>
      <line num="56" count="7" type="stmt"/>
      <line num="57" count="7" type="stmt"/>
      <line num="59" count="7" type="cond" truecount="3" falsecount="0"/>
      <line num="69" count="1" type="stmt"/>
      <line num="72" count="3" type="cond" truecount="2" falsecount="0"/>
      <line num="73" count="2" type="stmt"/>
      <line num="74" count="2" type="stmt"/>
      <line num="76" count="1" type="stmt"/>
      <line num="79" count="3" type="stmt"/>
      <line num="80" count="3" type="stmt"/>
      <line num="82" count="3" type="stmt"/>
      <line num="90" count="1" type="stmt"/>
      <line num="91" count="9" type="cond" truecount="2" falsecount="0"/>
      <line num="92" count="16" type="stmt"/>
      <line num="93" count="8" type="stmt"/>
      <line num="101" count="1" type="stmt"/>
      <line num="102" count="4" type="stmt"/>
      <line num="103" count="4" type="stmt"/>
      <line num="112" count="1" type="stmt"/>
      <line num="113" count="3" type="stmt"/>
      <line num="122" count="1" type="stmt"/>
      <line num="123" count="2" type="stmt"/>
      <line num="133" count="1" type="stmt"/>
      <line num="134" count="5" type="cond" truecount="2" falsecount="0"/>
      <line num="142" count="1" type="stmt"/>
      <line num="150" count="9" type="stmt"/>
      <line num="152" count="9" type="cond" truecount="2" falsecount="0"/>
      <line num="153" count="1" type="stmt"/>
      <line num="156" count="9" type="cond" truecount="4" falsecount="0"/>
      <line num="157" count="1" type="stmt"/>
      <line num="160" count="9" type="cond" truecount="2" falsecount="0"/>
      <line num="161" count="1" type="stmt"/>
      <line num="164" count="9" type="cond" truecount="2" falsecount="0"/>
      <line num="165" count="1" type="stmt"/>
      <line num="168" count="9" type="cond" truecount="4" falsecount="0"/>
      <line num="169" count="4" type="cond" truecount="2" falsecount="0"/>
      <line num="170" count="1" type="stmt"/>
      <line num="173" count="7" type="stmt"/>
      <line num="174" count="4" type="cond" truecount="2" falsecount="0"/>
      <line num="175" count="1" type="stmt"/>
      <line num="179" count="9" type="stmt"/>
      <line num="190" count="1" type="stmt"/>
      <line num="194" count="3" type="stmt"/>
      <line num="196" count="3" type="cond" truecount="2" falsecount="0"/>
      <line num="197" count="1" type="stmt"/>
      <line num="200" count="3" type="cond" truecount="2" falsecount="0"/>
      <line num="201" count="1" type="stmt"/>
      <line num="204" count="3" type="stmt"/>
      <line num="215" count="1" type="stmt"/>
      <line num="218" count="2" type="stmt"/>
      <line num="220" count="2" type="cond" truecount="2" falsecount="0"/>
      <line num="221" count="1" type="stmt"/>
      <line num="224" count="2" type="stmt"/>
    </file>
  </project>
</coverage>
