{"/Users/manoelnascimento/Rumo-Operacional/utils/calculations.ts": {"path":"/Users/manoelnascimento/Rumo-Operacional/utils/calculations.ts","statementMap":{"0":{"start":{"line":41,"column":43},"end":{"line":55,"column":1}},"1":{"start":{"line":45,"column":2},"end":{"line":48,"column":3}},"2":{"start":{"line":46,"column":23},"end":{"line":46,"column":83}},"3":{"start":{"line":46,"column":53},"end":{"line":46,"column":82}},"4":{"start":{"line":47,"column":4},"end":{"line":47,"column":34}},"5":{"start":{"line":50,"column":2},"end":{"line":52,"column":3}},"6":{"start":{"line":51,"column":4},"end":{"line":51,"column":31}},"7":{"start":{"line":54,"column":2},"end":{"line":54,"column":11}},"8":{"start":{"line":41,"column":13},"end":{"line":41,"column":43}},"9":{"start":{"line":64,"column":37},"end":{"line":73,"column":1}},"10":{"start":{"line":69,"column":2},"end":{"line":72,"column":5}},"11":{"start":{"line":70,"column":20},"end":{"line":70,"column":43}},"12":{"start":{"line":71,"column":4},"end":{"line":71,"column":74}},"13":{"start":{"line":64,"column":13},"end":{"line":64,"column":37}},"14":{"start":{"line":81,"column":40},"end":{"line":108,"column":1}},"15":{"start":{"line":85,"column":2},"end":{"line":107,"column":36}},"16":{"start":{"line":86,"column":16},"end":{"line":86,"column":17}},"17":{"start":{"line":87,"column":15},"end":{"line":87,"column":16}},"18":{"start":{"line":88,"column":16},"end":{"line":88,"column":17}},"19":{"start":{"line":90,"column":4},"end":{"line":97,"column":7}},"20":{"start":{"line":91,"column":20},"end":{"line":91,"column":59}},"21":{"start":{"line":92,"column":6},"end":{"line":96,"column":7}},"22":{"start":{"line":93,"column":8},"end":{"line":93,"column":23}},"23":{"start":{"line":94,"column":8},"end":{"line":94,"column":49}},"24":{"start":{"line":94,"column":35},"end":{"line":94,"column":49}},"25":{"start":{"line":95,"column":8},"end":{"line":95,"column":16}},"26":{"start":{"line":99,"column":4},"end":{"line":106,"column":6}},"27":{"start":{"line":107,"column":20},"end":{"line":107,"column":34}},"28":{"start":{"line":81,"column":13},"end":{"line":81,"column":40}},"29":{"start":{"line":117,"column":37},"end":{"line":155,"column":1}},"30":{"start":{"line":122,"column":2},"end":{"line":154,"column":36}},"31":{"start":{"line":123,"column":22},"end":{"line":123,"column":72}},"32":{"start":{"line":123,"column":46},"end":{"line":123,"column":71}},"33":{"start":{"line":124,"column":24},"end":{"line":124,"column":50}},"34":{"start":{"line":124,"column":44},"end":{"line":124,"column":49}},"35":{"start":{"line":126,"column":16},"end":{"line":126,"column":17}},"36":{"start":{"line":127,"column":15},"end":{"line":127,"column":16}},"37":{"start":{"line":128,"column":16},"end":{"line":128,"column":17}},"38":{"start":{"line":130,"column":4},"end":{"line":144,"column":7}},"39":{"start":{"line":131,"column":6},"end":{"line":143,"column":7}},"40":{"start":{"line":132,"column":8},"end":{"line":138,"column":11}},"41":{"start":{"line":133,"column":10},"end":{"line":137,"column":11}},"42":{"start":{"line":134,"column":12},"end":{"line":134,"column":38}},"43":{"start":{"line":135,"column":12},"end":{"line":135,"column":64}},"44":{"start":{"line":135,"column":39},"end":{"line":135,"column":64}},"45":{"start":{"line":136,"column":12},"end":{"line":136,"column":20}},"46":{"start":{"line":139,"column":13},"end":{"line":143,"column":7}},"47":{"start":{"line":140,"column":8},"end":{"line":140,"column":33}},"48":{"start":{"line":141,"column":8},"end":{"line":141,"column":59}},"49":{"start":{"line":141,"column":35},"end":{"line":141,"column":59}},"50":{"start":{"line":142,"column":8},"end":{"line":142,"column":16}},"51":{"start":{"line":146,"column":4},"end":{"line":153,"column":6}},"52":{"start":{"line":154,"column":20},"end":{"line":154,"column":34}},"53":{"start":{"line":117,"column":13},"end":{"line":117,"column":37}},"54":{"start":{"line":166,"column":38},"end":{"line":191,"column":1}},"55":{"start":{"line":173,"column":24},"end":{"line":173,"column":68}},"56":{"start":{"line":175,"column":26},"end":{"line":175,"column":77}},"57":{"start":{"line":176,"column":23},"end":{"line":176,"column":80}},"58":{"start":{"line":178,"column":21},"end":{"line":178,"column":81}},"59":{"start":{"line":178,"column":56},"end":{"line":178,"column":77}},"60":{"start":{"line":179,"column":20},"end":{"line":181,"column":47}},"61":{"start":{"line":180,"column":17},"end":{"line":180,"column":36}},"62":{"start":{"line":181,"column":24},"end":{"line":181,"column":43}},"63":{"start":{"line":183,"column":2},"end":{"line":190,"column":4}},"64":{"start":{"line":166,"column":13},"end":{"line":166,"column":38}},"65":{"start":{"line":199,"column":38},"end":{"line":202,"column":1}},"66":{"start":{"line":200,"column":2},"end":{"line":200,"column":31}},"67":{"start":{"line":200,"column":22},"end":{"line":200,"column":31}},"68":{"start":{"line":201,"column":2},"end":{"line":201,"column":49}},"69":{"start":{"line":199,"column":13},"end":{"line":199,"column":38}},"70":{"start":{"line":210,"column":38},"end":{"line":227,"column":1}},"71":{"start":{"line":214,"column":2},"end":{"line":214,"column":43}},"72":{"start":{"line":214,"column":33},"end":{"line":214,"column":43}},"73":{"start":{"line":216,"column":26},"end":{"line":216,"column":63}},"74":{"start":{"line":217,"column":20},"end":{"line":217,"column":65}},"75":{"start":{"line":219,"column":2},"end":{"line":226,"column":5}},"76":{"start":{"line":220,"column":23},"end":{"line":220,"column":70}},"77":{"start":{"line":221,"column":4},"end":{"line":225,"column":6}},"78":{"start":{"line":210,"column":13},"end":{"line":210,"column":38}},"79":{"start":{"line":235,"column":39},"end":{"line":237,"column":1}},"80":{"start":{"line":236,"column":2},"end":{"line":236,"column":41}},"81":{"start":{"line":235,"column":13},"end":{"line":235,"column":39}},"82":{"start":{"line":246,"column":35},"end":{"line":255,"column":1}},"83":{"start":{"line":251,"column":2},"end":{"line":251,"column":51}},"84":{"start":{"line":251,"column":26},"end":{"line":251,"column":51}},"85":{"start":{"line":252,"column":15},"end":{"line":252,"column":51}},"86":{"start":{"line":253,"column":22},"end":{"line":253,"column":40}},"87":{"start":{"line":254,"column":2},"end":{"line":254,"column":33}},"88":{"start":{"line":246,"column":13},"end":{"line":246,"column":35}},"89":{"start":{"line":262,"column":37},"end":{"line":297,"column":1}},"90":{"start":{"line":270,"column":2},"end":{"line":279,"column":3}},"91":{"start":{"line":271,"column":4},"end":{"line":278,"column":6}},"92":{"start":{"line":281,"column":17},"end":{"line":281,"column":49}},"93":{"start":{"line":281,"column":35},"end":{"line":281,"column":48}},"94":{"start":{"line":282,"column":16},"end":{"line":282,"column":53}},"95":{"start":{"line":282,"column":42},"end":{"line":282,"column":49}},"96":{"start":{"line":284,"column":43},"end":{"line":284,"column":45}},"97":{"start":{"line":285,"column":2},"end":{"line":287,"column":5}},"98":{"start":{"line":286,"column":4},"end":{"line":286,"column":67}},"99":{"start":{"line":289,"column":2},"end":{"line":296,"column":4}},"100":{"start":{"line":262,"column":13},"end":{"line":262,"column":37}}},"fnMap":{"0":{"name":"(anonymous_0)","decl":{"start":{"line":41,"column":43},"end":{"line":41,"column":null}},"loc":{"start":{"line":44,"column":12},"end":{"line":55,"column":1}}},"1":{"name":"(anonymous_1)","decl":{"start":{"line":46,"column":48},"end":{"line":46,"column":49}},"loc":{"start":{"line":46,"column":53},"end":{"line":46,"column":82}}},"2":{"name":"(anonymous_2)","decl":{"start":{"line":64,"column":37},"end":{"line":64,"column":null}},"loc":{"start":{"line":68,"column":15},"end":{"line":73,"column":1}}},"3":{"name":"(anonymous_3)","decl":{"start":{"line":69,"column":25},"end":{"line":69,"column":28}},"loc":{"start":{"line":69,"column":31},"end":{"line":72,"column":3}}},"4":{"name":"(anonymous_4)","decl":{"start":{"line":81,"column":40},"end":{"line":81,"column":null}},"loc":{"start":{"line":84,"column":22},"end":{"line":108,"column":1}}},"5":{"name":"(anonymous_5)","decl":{"start":{"line":85,"column":24},"end":{"line":85,"column":26}},"loc":{"start":{"line":85,"column":29},"end":{"line":107,"column":3}}},"6":{"name":"(anonymous_6)","decl":{"start":{"line":90,"column":21},"end":{"line":90,"column":24}},"loc":{"start":{"line":90,"column":27},"end":{"line":97,"column":5}}},"7":{"name":"(anonymous_7)","decl":{"start":{"line":107,"column":12},"end":{"line":107,"column":16}},"loc":{"start":{"line":107,"column":20},"end":{"line":107,"column":34}}},"8":{"name":"(anonymous_8)","decl":{"start":{"line":117,"column":37},"end":{"line":117,"column":null}},"loc":{"start":{"line":121,"column":19},"end":{"line":155,"column":1}}},"9":{"name":"(anonymous_9)","decl":{"start":{"line":122,"column":21},"end":{"line":122,"column":27}},"loc":{"start":{"line":122,"column":30},"end":{"line":154,"column":3}}},"10":{"name":"(anonymous_10)","decl":{"start":{"line":123,"column":40},"end":{"line":123,"column":42}},"loc":{"start":{"line":123,"column":46},"end":{"line":123,"column":71}}},"11":{"name":"(anonymous_11)","decl":{"start":{"line":124,"column":38},"end":{"line":124,"column":40}},"loc":{"start":{"line":124,"column":44},"end":{"line":124,"column":49}}},"12":{"name":"(anonymous_12)","decl":{"start":{"line":130,"column":21},"end":{"line":130,"column":24}},"loc":{"start":{"line":130,"column":27},"end":{"line":144,"column":5}}},"13":{"name":"(anonymous_13)","decl":{"start":{"line":132,"column":32},"end":{"line":132,"column":42}},"loc":{"start":{"line":132,"column":45},"end":{"line":138,"column":9}}},"14":{"name":"(anonymous_14)","decl":{"start":{"line":154,"column":12},"end":{"line":154,"column":16}},"loc":{"start":{"line":154,"column":20},"end":{"line":154,"column":34}}},"15":{"name":"(anonymous_15)","decl":{"start":{"line":166,"column":38},"end":{"line":166,"column":null}},"loc":{"start":{"line":172,"column":19},"end":{"line":191,"column":1}}},"16":{"name":"(anonymous_16)","decl":{"start":{"line":178,"column":42},"end":{"line":178,"column":43}},"loc":{"start":{"line":178,"column":56},"end":{"line":178,"column":77}}},"17":{"name":"(anonymous_17)","decl":{"start":{"line":180,"column":12},"end":{"line":180,"column":13}},"loc":{"start":{"line":180,"column":17},"end":{"line":180,"column":36}}},"18":{"name":"(anonymous_18)","decl":{"start":{"line":181,"column":12},"end":{"line":181,"column":13}},"loc":{"start":{"line":181,"column":24},"end":{"line":181,"column":43}}},"19":{"name":"(anonymous_19)","decl":{"start":{"line":199,"column":38},"end":{"line":199,"column":39}},"loc":{"start":{"line":199,"column":84},"end":{"line":202,"column":1}}},"20":{"name":"(anonymous_20)","decl":{"start":{"line":210,"column":38},"end":{"line":210,"column":null}},"loc":{"start":{"line":213,"column":66},"end":{"line":227,"column":1}}},"21":{"name":"(anonymous_21)","decl":{"start":{"line":219,"column":26},"end":{"line":219,"column":27}},"loc":{"start":{"line":219,"column":49},"end":{"line":226,"column":3}}},"22":{"name":"(anonymous_22)","decl":{"start":{"line":235,"column":39},"end":{"line":235,"column":40}},"loc":{"start":{"line":235,"column":90},"end":{"line":237,"column":1}}},"23":{"name":"(anonymous_23)","decl":{"start":{"line":246,"column":35},"end":{"line":246,"column":null}},"loc":{"start":{"line":250,"column":13},"end":{"line":255,"column":1}}},"24":{"name":"(anonymous_24)","decl":{"start":{"line":262,"column":37},"end":{"line":262,"column":38}},"loc":{"start":{"line":269,"column":4},"end":{"line":297,"column":1}}},"25":{"name":"(anonymous_25)","decl":{"start":{"line":281,"column":30},"end":{"line":281,"column":31}},"loc":{"start":{"line":281,"column":35},"end":{"line":281,"column":48}}},"26":{"name":"(anonymous_26)","decl":{"start":{"line":282,"column":30},"end":{"line":282,"column":31}},"loc":{"start":{"line":282,"column":42},"end":{"line":282,"column":49}}},"27":{"name":"(anonymous_27)","decl":{"start":{"line":285,"column":19},"end":{"line":285,"column":20}},"loc":{"start":{"line":285,"column":23},"end":{"line":287,"column":3}}}},"branchMap":{"0":{"loc":{"start":{"line":45,"column":2},"end":{"line":48,"column":3}},"type":"if","locations":[{"start":{"line":45,"column":2},"end":{"line":48,"column":3}},{"start":{},"end":{}}]},"1":{"loc":{"start":{"line":45,"column":6},"end":{"line":45,"column":45}},"type":"binary-expr","locations":[{"start":{"line":45,"column":6},"end":{"line":45,"column":22}},{"start":{"line":45,"column":26},"end":{"line":45,"column":45}}]},"2":{"loc":{"start":{"line":47,"column":11},"end":{"line":47,"column":33}},"type":"binary-expr","locations":[{"start":{"line":47,"column":11},"end":{"line":47,"column":28}},{"start":{"line":47,"column":32},"end":{"line":47,"column":33}}]},"3":{"loc":{"start":{"line":50,"column":2},"end":{"line":52,"column":3}},"type":"if","locations":[{"start":{"line":50,"column":2},"end":{"line":52,"column":3}},{"start":{},"end":{}}]},"4":{"loc":{"start":{"line":71,"column":11},"end":{"line":71,"column":73}},"type":"binary-expr","locations":[{"start":{"line":71,"column":11},"end":{"line":71,"column":39}},{"start":{"line":71,"column":43},"end":{"line":71,"column":73}}]},"5":{"loc":{"start":{"line":92,"column":6},"end":{"line":96,"column":7}},"type":"if","locations":[{"start":{"line":92,"column":6},"end":{"line":96,"column":7}},{"start":{},"end":{}}]},"6":{"loc":{"start":{"line":94,"column":8},"end":{"line":94,"column":49}},"type":"if","locations":[{"start":{"line":94,"column":8},"end":{"line":94,"column":49}},{"start":{},"end":{}}]},"7":{"loc":{"start":{"line":131,"column":6},"end":{"line":143,"column":7}},"type":"if","locations":[{"start":{"line":131,"column":6},"end":{"line":143,"column":7}},{"start":{"line":139,"column":13},"end":{"line":143,"column":7}}]},"8":{"loc":{"start":{"line":131,"column":10},"end":{"line":131,"column":41}},"type":"binary-expr","locations":[{"start":{"line":131,"column":10},"end":{"line":131,"column":22}},{"start":{"line":131,"column":26},"end":{"line":131,"column":41}}]},"9":{"loc":{"start":{"line":133,"column":10},"end":{"line":137,"column":11}},"type":"if","locations":[{"start":{"line":133,"column":10},"end":{"line":137,"column":11}},{"start":{},"end":{}}]},"10":{"loc":{"start":{"line":135,"column":12},"end":{"line":135,"column":64}},"type":"if","locations":[{"start":{"line":135,"column":12},"end":{"line":135,"column":64}},{"start":{},"end":{}}]},"11":{"loc":{"start":{"line":139,"column":13},"end":{"line":143,"column":7}},"type":"if","locations":[{"start":{"line":139,"column":13},"end":{"line":143,"column":7}},{"start":{},"end":{}}]},"12":{"loc":{"start":{"line":141,"column":8},"end":{"line":141,"column":59}},"type":"if","locations":[{"start":{"line":141,"column":8},"end":{"line":141,"column":59}},{"start":{},"end":{}}]},"13":{"loc":{"start":{"line":200,"column":2},"end":{"line":200,"column":31}},"type":"if","locations":[{"start":{"line":200,"column":2},"end":{"line":200,"column":31}},{"start":{},"end":{}}]},"14":{"loc":{"start":{"line":214,"column":2},"end":{"line":214,"column":43}},"type":"if","locations":[{"start":{"line":214,"column":2},"end":{"line":214,"column":43}},{"start":{},"end":{}}]},"15":{"loc":{"start":{"line":220,"column":42},"end":{"line":220,"column":69}},"type":"cond-expr","locations":[{"start":{"line":220,"column":56},"end":{"line":220,"column":65}},{"start":{"line":220,"column":68},"end":{"line":220,"column":69}}]},"16":{"loc":{"start":{"line":249,"column":2},"end":{"line":249,"column":26}},"type":"default-arg","locations":[{"start":{"line":249,"column":22},"end":{"line":249,"column":26}}]},"17":{"loc":{"start":{"line":251,"column":2},"end":{"line":251,"column":51}},"type":"if","locations":[{"start":{"line":251,"column":2},"end":{"line":251,"column":51}},{"start":{},"end":{}}]},"18":{"loc":{"start":{"line":270,"column":2},"end":{"line":279,"column":3}},"type":"if","locations":[{"start":{"line":270,"column":2},"end":{"line":279,"column":3}},{"start":{},"end":{}}]},"19":{"loc":{"start":{"line":286,"column":26},"end":{"line":286,"column":49}},"type":"binary-expr","locations":[{"start":{"line":286,"column":26},"end":{"line":286,"column":44}},{"start":{"line":286,"column":48},"end":{"line":286,"column":49}}]}},"s":{"0":1,"1":35,"2":9,"3":15,"4":9,"5":26,"6":9,"7":17,"8":1,"9":1,"10":11,"11":33,"12":33,"13":1,"14":1,"15":6,"16":18,"17":18,"18":18,"19":18,"20":30,"21":30,"22":12,"23":12,"24":8,"25":12,"26":18,"27":18,"28":1,"29":1,"30":6,"31":12,"32":36,"33":12,"34":18,"35":12,"36":12,"37":12,"38":12,"39":16,"40":4,"41":8,"42":4,"43":4,"44":2,"45":4,"46":12,"47":6,"48":6,"49":3,"50":6,"51":12,"52":12,"53":1,"54":1,"55":2,"56":2,"57":2,"58":2,"59":2,"60":2,"61":2,"62":1,"63":2,"64":1,"65":1,"66":4,"67":1,"68":3,"69":1,"70":1,"71":3,"72":1,"73":2,"74":2,"75":2,"76":5,"77":5,"78":1,"79":1,"80":3,"81":1,"82":1,"83":4,"84":1,"85":3,"86":3,"87":3,"88":1,"89":1,"90":3,"91":1,"92":2,"93":6,"94":2,"95":6,"96":2,"97":2,"98":6,"99":2,"100":1},"f":{"0":35,"1":15,"2":11,"3":33,"4":6,"5":18,"6":30,"7":18,"8":6,"9":12,"10":36,"11":18,"12":16,"13":8,"14":12,"15":2,"16":2,"17":2,"18":1,"19":4,"20":3,"21":5,"22":3,"23":4,"24":3,"25":6,"26":6,"27":6},"b":{"0":[9,26],"1":[35,9],"2":[9,3],"3":[9,17],"4":[33,15],"5":[12,18],"6":[8,4],"7":[4,12],"8":[16,4],"9":[4,4],"10":[2,2],"11":[6,6],"12":[3,3],"13":[1,3],"14":[1,2],"15":[2,3],"16":[3],"17":[1,3],"18":[1,2],"19":[6,4]}}
,"/Users/manoelnascimento/Rumo-Operacional/utils/formatters.ts": {"path":"/Users/manoelnascimento/Rumo-Operacional/utils/formatters.ts","statementMap":{"0":{"start":{"line":10,"column":30},"end":{"line":15,"column":1}},"1":{"start":{"line":11,"column":2},"end":{"line":14,"column":5}},"2":{"start":{"line":10,"column":13},"end":{"line":10,"column":30}},"3":{"start":{"line":23,"column":35},"end":{"line":32,"column":1}},"4":{"start":{"line":24,"column":17},"end":{"line":24,"column":41}},"5":{"start":{"line":25,"column":2},"end":{"line":25,"column":25}},"6":{"start":{"line":25,"column":15},"end":{"line":25,"column":25}},"7":{"start":{"line":27,"column":20},"end":{"line":30,"column":4}},"8":{"start":{"line":31,"column":2},"end":{"line":31,"column":19}},"9":{"start":{"line":23,"column":13},"end":{"line":23,"column":35}},"10":{"start":{"line":39,"column":34},"end":{"line":43,"column":1}},"11":{"start":{"line":40,"column":18},"end":{"line":40,"column":41}},"12":{"start":{"line":41,"column":2},"end":{"line":41,"column":28}},"13":{"start":{"line":41,"column":16},"end":{"line":41,"column":28}},"14":{"start":{"line":42,"column":2},"end":{"line":42,"column":33}},"15":{"start":{"line":39,"column":13},"end":{"line":39,"column":34}},"16":{"start":{"line":50,"column":31},"end":{"line":58,"column":1}},"17":{"start":{"line":51,"column":15},"end":{"line":51,"column":35}},"18":{"start":{"line":52,"column":2},"end":{"line":52,"column":52}},"19":{"start":{"line":52,"column":29},"end":{"line":52,"column":52}},"20":{"start":{"line":54,"column":2},"end":{"line":57,"column":5}},"21":{"start":{"line":50,"column":13},"end":{"line":50,"column":31}},"22":{"start":{"line":65,"column":30},"end":{"line":74,"column":1}},"23":{"start":{"line":66,"column":15},"end":{"line":66,"column":35}},"24":{"start":{"line":67,"column":2},"end":{"line":67,"column":52}},"25":{"start":{"line":67,"column":29},"end":{"line":67,"column":52}},"26":{"start":{"line":69,"column":2},"end":{"line":73,"column":5}},"27":{"start":{"line":65,"column":13},"end":{"line":65,"column":30}},"28":{"start":{"line":81,"column":34},"end":{"line":90,"column":1}},"29":{"start":{"line":82,"column":15},"end":{"line":82,"column":35}},"30":{"start":{"line":83,"column":2},"end":{"line":83,"column":39}},"31":{"start":{"line":83,"column":29},"end":{"line":83,"column":39}},"32":{"start":{"line":85,"column":14},"end":{"line":85,"column":56}},"33":{"start":{"line":86,"column":16},"end":{"line":86,"column":65}},"34":{"start":{"line":87,"column":15},"end":{"line":87,"column":33}},"35":{"start":{"line":89,"column":2},"end":{"line":89,"column":35}},"36":{"start":{"line":81,"column":13},"end":{"line":81,"column":34}},"37":{"start":{"line":97,"column":34},"end":{"line":118,"column":1}},"38":{"start":{"line":98,"column":16},"end":{"line":98,"column":37}},"39":{"start":{"line":99,"column":2},"end":{"line":99,"column":38}},"40":{"start":{"line":99,"column":26},"end":{"line":99,"column":38}},"41":{"start":{"line":101,"column":29},"end":{"line":101,"column":46}},"42":{"start":{"line":103,"column":2},"end":{"line":103,"column":43}},"43":{"start":{"line":103,"column":31},"end":{"line":103,"column":43}},"44":{"start":{"line":104,"column":2},"end":{"line":104,"column":39}},"45":{"start":{"line":104,"column":27},"end":{"line":104,"column":39}},"46":{"start":{"line":105,"column":2},"end":{"line":105,"column":43}},"47":{"start":{"line":105,"column":31},"end":{"line":105,"column":43}},"48":{"start":{"line":106,"column":2},"end":{"line":106,"column":46}},"49":{"start":{"line":106,"column":34},"end":{"line":106,"column":46}},"50":{"start":{"line":108,"column":15},"end":{"line":108,"column":45}},"51":{"start":{"line":111,"column":2},"end":{"line":115,"column":3}},"52":{"start":{"line":114,"column":4},"end":{"line":114,"column":16}},"53":{"start":{"line":117,"column":2},"end":{"line":117,"column":42}},"54":{"start":{"line":97,"column":13},"end":{"line":97,"column":34}},"55":{"start":{"line":125,"column":31},"end":{"line":128,"column":1}},"56":{"start":{"line":126,"column":2},"end":{"line":127,"column":42}},"57":{"start":{"line":127,"column":25},"end":{"line":127,"column":40}},"58":{"start":{"line":125,"column":13},"end":{"line":125,"column":31}},"59":{"start":{"line":135,"column":31},"end":{"line":139,"column":1}},"60":{"start":{"line":136,"column":16},"end":{"line":136,"column":37}},"61":{"start":{"line":137,"column":15},"end":{"line":137,"column":33}},"62":{"start":{"line":138,"column":2},"end":{"line":138,"column":28}},"63":{"start":{"line":135,"column":13},"end":{"line":135,"column":31}},"64":{"start":{"line":147,"column":29},"end":{"line":152,"column":1}},"65":{"start":{"line":148,"column":2},"end":{"line":151,"column":5}},"66":{"start":{"line":147,"column":13},"end":{"line":147,"column":29}},"67":{"start":{"line":160,"column":29},"end":{"line":162,"column":1}},"68":{"start":{"line":161,"column":2},"end":{"line":161,"column":47}},"69":{"start":{"line":160,"column":13},"end":{"line":160,"column":29}}},"fnMap":{"0":{"name":"(anonymous_0)","decl":{"start":{"line":10,"column":30},"end":{"line":10,"column":31}},"loc":{"start":{"line":10,"column":56},"end":{"line":15,"column":1}}},"1":{"name":"(anonymous_1)","decl":{"start":{"line":23,"column":35},"end":{"line":23,"column":36}},"loc":{"start":{"line":23,"column":61},"end":{"line":32,"column":1}}},"2":{"name":"(anonymous_2)","decl":{"start":{"line":39,"column":34},"end":{"line":39,"column":35}},"loc":{"start":{"line":39,"column":66},"end":{"line":43,"column":1}}},"3":{"name":"(anonymous_3)","decl":{"start":{"line":50,"column":31},"end":{"line":50,"column":32}},"loc":{"start":{"line":50,"column":62},"end":{"line":58,"column":1}}},"4":{"name":"(anonymous_4)","decl":{"start":{"line":65,"column":30},"end":{"line":65,"column":31}},"loc":{"start":{"line":65,"column":61},"end":{"line":74,"column":1}}},"5":{"name":"(anonymous_5)","decl":{"start":{"line":81,"column":34},"end":{"line":81,"column":35}},"loc":{"start":{"line":81,"column":65},"end":{"line":90,"column":1}}},"6":{"name":"(anonymous_6)","decl":{"start":{"line":97,"column":34},"end":{"line":97,"column":35}},"loc":{"start":{"line":97,"column":72},"end":{"line":118,"column":1}}},"7":{"name":"(anonymous_7)","decl":{"start":{"line":125,"column":31},"end":{"line":125,"column":32}},"loc":{"start":{"line":125,"column":54},"end":{"line":128,"column":1}}},"8":{"name":"(anonymous_8)","decl":{"start":{"line":127,"column":20},"end":{"line":127,"column":21}},"loc":{"start":{"line":127,"column":25},"end":{"line":127,"column":40}}},"9":{"name":"(anonymous_9)","decl":{"start":{"line":135,"column":31},"end":{"line":135,"column":32}},"loc":{"start":{"line":135,"column":54},"end":{"line":139,"column":1}}},"10":{"name":"(anonymous_10)","decl":{"start":{"line":147,"column":29},"end":{"line":147,"column":30}},"loc":{"start":{"line":147,"column":77},"end":{"line":152,"column":1}}},"11":{"name":"(anonymous_11)","decl":{"start":{"line":160,"column":29},"end":{"line":160,"column":30}},"loc":{"start":{"line":160,"column":77},"end":{"line":162,"column":1}}}},"branchMap":{"0":{"loc":{"start":{"line":25,"column":2},"end":{"line":25,"column":25}},"type":"if","locations":[{"start":{"line":25,"column":2},"end":{"line":25,"column":25}},{"start":{},"end":{}}]},"1":{"loc":{"start":{"line":41,"column":2},"end":{"line":41,"column":28}},"type":"if","locations":[{"start":{"line":41,"column":2},"end":{"line":41,"column":28}},{"start":{},"end":{}}]},"2":{"loc":{"start":{"line":52,"column":2},"end":{"line":52,"column":52}},"type":"if","locations":[{"start":{"line":52,"column":2},"end":{"line":52,"column":52}},{"start":{},"end":{}}]},"3":{"loc":{"start":{"line":67,"column":2},"end":{"line":67,"column":52}},"type":"if","locations":[{"start":{"line":67,"column":2},"end":{"line":67,"column":52}},{"start":{},"end":{}}]},"4":{"loc":{"start":{"line":83,"column":2},"end":{"line":83,"column":39}},"type":"if","locations":[{"start":{"line":83,"column":2},"end":{"line":83,"column":39}},{"start":{},"end":{}}]},"5":{"loc":{"start":{"line":99,"column":2},"end":{"line":99,"column":38}},"type":"if","locations":[{"start":{"line":99,"column":2},"end":{"line":99,"column":38}},{"start":{},"end":{}}]},"6":{"loc":{"start":{"line":103,"column":2},"end":{"line":103,"column":43}},"type":"if","locations":[{"start":{"line":103,"column":2},"end":{"line":103,"column":43}},{"start":{},"end":{}}]},"7":{"loc":{"start":{"line":103,"column":6},"end":{"line":103,"column":29}},"type":"binary-expr","locations":[{"start":{"line":103,"column":6},"end":{"line":103,"column":10}},{"start":{"line":103,"column":14},"end":{"line":103,"column":20}},{"start":{"line":103,"column":24},"end":{"line":103,"column":29}}]},"8":{"loc":{"start":{"line":104,"column":2},"end":{"line":104,"column":39}},"type":"if","locations":[{"start":{"line":104,"column":2},"end":{"line":104,"column":39}},{"start":{},"end":{}}]},"9":{"loc":{"start":{"line":104,"column":6},"end":{"line":104,"column":25}},"type":"binary-expr","locations":[{"start":{"line":104,"column":6},"end":{"line":104,"column":13}},{"start":{"line":104,"column":17},"end":{"line":104,"column":25}}]},"10":{"loc":{"start":{"line":105,"column":2},"end":{"line":105,"column":43}},"type":"if","locations":[{"start":{"line":105,"column":2},"end":{"line":105,"column":43}},{"start":{},"end":{}}]},"11":{"loc":{"start":{"line":105,"column":6},"end":{"line":105,"column":29}},"type":"binary-expr","locations":[{"start":{"line":105,"column":6},"end":{"line":105,"column":15}},{"start":{"line":105,"column":19},"end":{"line":105,"column":29}}]},"12":{"loc":{"start":{"line":106,"column":2},"end":{"line":106,"column":46}},"type":"if","locations":[{"start":{"line":106,"column":2},"end":{"line":106,"column":46}},{"start":{},"end":{}}]},"13":{"loc":{"start":{"line":106,"column":6},"end":{"line":106,"column":32}},"type":"binary-expr","locations":[{"start":{"line":106,"column":6},"end":{"line":106,"column":17}},{"start":{"line":106,"column":21},"end":{"line":106,"column":32}}]},"14":{"loc":{"start":{"line":111,"column":2},"end":{"line":115,"column":3}},"type":"if","locations":[{"start":{"line":111,"column":2},"end":{"line":115,"column":3}},{"start":{},"end":{}}]},"15":{"loc":{"start":{"line":111,"column":6},"end":{"line":113,"column":33}},"type":"binary-expr","locations":[{"start":{"line":111,"column":6},"end":{"line":111,"column":28}},{"start":{"line":112,"column":6},"end":{"line":112,"column":35}},{"start":{"line":113,"column":6},"end":{"line":113,"column":33}}]},"16":{"loc":{"start":{"line":147,"column":45},"end":{"line":147,"column":65}},"type":"default-arg","locations":[{"start":{"line":147,"column":64},"end":{"line":147,"column":65}}]},"17":{"loc":{"start":{"line":160,"column":45},"end":{"line":160,"column":65}},"type":"default-arg","locations":[{"start":{"line":160,"column":64},"end":{"line":160,"column":65}}]}},"s":{"0":1,"1":5,"2":1,"3":1,"4":5,"5":5,"6":1,"7":4,"8":4,"9":1,"10":1,"11":3,"12":3,"13":1,"14":2,"15":1,"16":1,"17":2,"18":2,"19":1,"20":1,"21":1,"22":1,"23":2,"24":2,"25":1,"26":1,"27":1,"28":1,"29":3,"30":3,"31":1,"32":2,"33":2,"34":2,"35":2,"36":1,"37":1,"38":12,"39":12,"40":1,"41":11,"42":11,"43":2,"44":9,"45":2,"46":7,"47":1,"48":6,"49":2,"50":4,"51":4,"52":2,"53":2,"54":1,"55":1,"56":3,"57":3,"58":1,"59":1,"60":1,"61":1,"62":1,"63":1,"64":1,"65":3,"66":1,"67":1,"68":4,"69":1},"f":{"0":5,"1":5,"2":3,"3":2,"4":2,"5":3,"6":12,"7":3,"8":3,"9":1,"10":3,"11":4},"b":{"0":[1,4],"1":[1,2],"2":[1,1],"3":[1,1],"4":[1,2],"5":[1,11],"6":[2,9],"7":[11,10,9],"8":[2,7],"9":[9,9],"10":[1,6],"11":[7,7],"12":[2,4],"13":[6,5],"14":[2,2],"15":[4,2,2],"16":[1],"17":[3]}}
,"/Users/manoelnascimento/Rumo-Operacional/utils/validators.ts": {"path":"/Users/manoelnascimento/Rumo-Operacional/utils/validators.ts","statementMap":{"0":{"start":{"line":10,"column":26},"end":{"line":12,"column":1}},"1":{"start":{"line":11,"column":2},"end":{"line":11,"column":74}},"2":{"start":{"line":10,"column":13},"end":{"line":10,"column":26}},"3":{"start":{"line":19,"column":32},"end":{"line":24,"column":1}},"4":{"start":{"line":20,"column":2},"end":{"line":20,"column":58}},"5":{"start":{"line":20,"column":45},"end":{"line":20,"column":58}},"6":{"start":{"line":22,"column":14},"end":{"line":22,"column":67}},"7":{"start":{"line":23,"column":2},"end":{"line":23,"column":32}},"8":{"start":{"line":19,"column":13},"end":{"line":19,"column":32}},"9":{"start":{"line":31,"column":35},"end":{"line":36,"column":1}},"10":{"start":{"line":32,"column":2},"end":{"line":32,"column":58}},"11":{"start":{"line":32,"column":45},"end":{"line":32,"column":58}},"12":{"start":{"line":34,"column":14},"end":{"line":34,"column":67}},"13":{"start":{"line":35,"column":2},"end":{"line":35,"column":33}},"14":{"start":{"line":31,"column":13},"end":{"line":31,"column":35}},"15":{"start":{"line":43,"column":33},"end":{"line":46,"column":1}},"16":{"start":{"line":44,"column":16},"end":{"line":44,"column":39}},"17":{"start":{"line":45,"column":2},"end":{"line":45,"column":32}},"18":{"start":{"line":43,"column":13},"end":{"line":43,"column":33}},"19":{"start":{"line":53,"column":27},"end":{"line":62,"column":1}},"20":{"start":{"line":54,"column":2},"end":{"line":54,"column":51}},"21":{"start":{"line":54,"column":38},"end":{"line":54,"column":51}},"22":{"start":{"line":56,"column":29},"end":{"line":56,"column":62}},"23":{"start":{"line":57,"column":15},"end":{"line":57,"column":45}},"24":{"start":{"line":59,"column":2},"end":{"line":61,"column":37}},"25":{"start":{"line":53,"column":13},"end":{"line":53,"column":27}},"26":{"start":{"line":69,"column":31},"end":{"line":83,"column":1}},"27":{"start":{"line":72,"column":2},"end":{"line":77,"column":3}},"28":{"start":{"line":73,"column":31},"end":{"line":73,"column":64}},"29":{"start":{"line":74,"column":4},"end":{"line":74,"column":42}},"30":{"start":{"line":76,"column":4},"end":{"line":76,"column":32}},"31":{"start":{"line":79,"column":16},"end":{"line":79,"column":26}},"32":{"start":{"line":80,"column":2},"end":{"line":80,"column":29}},"33":{"start":{"line":82,"column":2},"end":{"line":82,"column":23}},"34":{"start":{"line":69,"column":13},"end":{"line":69,"column":31}},"35":{"start":{"line":90,"column":45},"end":{"line":94,"column":1}},"36":{"start":{"line":91,"column":2},"end":{"line":91,"column":45}},"37":{"start":{"line":91,"column":32},"end":{"line":91,"column":45}},"38":{"start":{"line":92,"column":14},"end":{"line":92,"column":60}},"39":{"start":{"line":92,"column":47},"end":{"line":92,"column":56}},"40":{"start":{"line":93,"column":2},"end":{"line":93,"column":36}},"41":{"start":{"line":90,"column":13},"end":{"line":90,"column":45}},"42":{"start":{"line":101,"column":28},"end":{"line":104,"column":1}},"43":{"start":{"line":102,"column":16},"end":{"line":102,"column":44}},"44":{"start":{"line":103,"column":2},"end":{"line":103,"column":27}},"45":{"start":{"line":101,"column":13},"end":{"line":101,"column":28}},"46":{"start":{"line":112,"column":28},"end":{"line":114,"column":1}},"47":{"start":{"line":113,"column":2},"end":{"line":113,"column":42}},"48":{"start":{"line":112,"column":13},"end":{"line":112,"column":28}},"49":{"start":{"line":122,"column":28},"end":{"line":124,"column":1}},"50":{"start":{"line":123,"column":2},"end":{"line":123,"column":35}},"51":{"start":{"line":122,"column":13},"end":{"line":122,"column":28}},"52":{"start":{"line":133,"column":25},"end":{"line":135,"column":1}},"53":{"start":{"line":134,"column":2},"end":{"line":134,"column":38}},"54":{"start":{"line":133,"column":13},"end":{"line":133,"column":25}},"55":{"start":{"line":142,"column":35},"end":{"line":183,"column":1}},"56":{"start":{"line":150,"column":27},"end":{"line":150,"column":29}},"57":{"start":{"line":152,"column":2},"end":{"line":154,"column":3}},"58":{"start":{"line":153,"column":4},"end":{"line":153,"column":53}},"59":{"start":{"line":156,"column":2},"end":{"line":158,"column":3}},"60":{"start":{"line":157,"column":4},"end":{"line":157,"column":42}},"61":{"start":{"line":160,"column":2},"end":{"line":162,"column":3}},"62":{"start":{"line":161,"column":4},"end":{"line":161,"column":43}},"63":{"start":{"line":164,"column":2},"end":{"line":166,"column":3}},"64":{"start":{"line":165,"column":4},"end":{"line":165,"column":48}},"65":{"start":{"line":168,"column":2},"end":{"line":177,"column":3}},"66":{"start":{"line":169,"column":4},"end":{"line":171,"column":5}},"67":{"start":{"line":170,"column":6},"end":{"line":170,"column":66}},"68":{"start":{"line":173,"column":24},"end":{"line":173,"column":66}},"69":{"start":{"line":173,"column":53},"end":{"line":173,"column":65}},"70":{"start":{"line":174,"column":4},"end":{"line":176,"column":5}},"71":{"start":{"line":175,"column":6},"end":{"line":175,"column":58}},"72":{"start":{"line":179,"column":2},"end":{"line":182,"column":4}},"73":{"start":{"line":142,"column":13},"end":{"line":142,"column":35}},"74":{"start":{"line":190,"column":37},"end":{"line":208,"column":1}},"75":{"start":{"line":194,"column":27},"end":{"line":194,"column":29}},"76":{"start":{"line":196,"column":2},"end":{"line":198,"column":3}},"77":{"start":{"line":197,"column":4},"end":{"line":197,"column":46}},"78":{"start":{"line":200,"column":2},"end":{"line":202,"column":3}},"79":{"start":{"line":201,"column":4},"end":{"line":201,"column":38}},"80":{"start":{"line":204,"column":2},"end":{"line":207,"column":4}},"81":{"start":{"line":190,"column":13},"end":{"line":190,"column":37}},"82":{"start":{"line":215,"column":34},"end":{"line":228,"column":1}},"83":{"start":{"line":218,"column":27},"end":{"line":218,"column":29}},"84":{"start":{"line":220,"column":2},"end":{"line":222,"column":3}},"85":{"start":{"line":221,"column":4},"end":{"line":221,"column":43}},"86":{"start":{"line":224,"column":2},"end":{"line":227,"column":4}},"87":{"start":{"line":215,"column":13},"end":{"line":215,"column":34}}},"fnMap":{"0":{"name":"(anonymous_0)","decl":{"start":{"line":10,"column":26},"end":{"line":10,"column":27}},"loc":{"start":{"line":10,"column":72},"end":{"line":12,"column":1}}},"1":{"name":"(anonymous_1)","decl":{"start":{"line":19,"column":32},"end":{"line":19,"column":33}},"loc":{"start":{"line":19,"column":87},"end":{"line":24,"column":1}}},"2":{"name":"(anonymous_2)","decl":{"start":{"line":31,"column":35},"end":{"line":31,"column":36}},"loc":{"start":{"line":31,"column":90},"end":{"line":36,"column":1}}},"3":{"name":"(anonymous_3)","decl":{"start":{"line":43,"column":33},"end":{"line":43,"column":34}},"loc":{"start":{"line":43,"column":65},"end":{"line":46,"column":1}}},"4":{"name":"(anonymous_4)","decl":{"start":{"line":53,"column":27},"end":{"line":53,"column":28}},"loc":{"start":{"line":53,"column":59},"end":{"line":62,"column":1}}},"5":{"name":"(anonymous_5)","decl":{"start":{"line":69,"column":31},"end":{"line":69,"column":32}},"loc":{"start":{"line":69,"column":63},"end":{"line":83,"column":1}}},"6":{"name":"(anonymous_6)","decl":{"start":{"line":90,"column":45},"end":{"line":90,"column":46}},"loc":{"start":{"line":90,"column":80},"end":{"line":94,"column":1}}},"7":{"name":"(anonymous_7)","decl":{"start":{"line":92,"column":33},"end":{"line":92,"column":34}},"loc":{"start":{"line":92,"column":47},"end":{"line":92,"column":56}}},"8":{"name":"(anonymous_8)","decl":{"start":{"line":101,"column":28},"end":{"line":101,"column":29}},"loc":{"start":{"line":101,"column":55},"end":{"line":104,"column":1}}},"9":{"name":"(anonymous_9)","decl":{"start":{"line":112,"column":28},"end":{"line":112,"column":29}},"loc":{"start":{"line":112,"column":74},"end":{"line":114,"column":1}}},"10":{"name":"(anonymous_10)","decl":{"start":{"line":122,"column":28},"end":{"line":122,"column":29}},"loc":{"start":{"line":122,"column":74},"end":{"line":124,"column":1}}},"11":{"name":"(anonymous_11)","decl":{"start":{"line":133,"column":25},"end":{"line":133,"column":26}},"loc":{"start":{"line":133,"column":78},"end":{"line":135,"column":1}}},"12":{"name":"(anonymous_12)","decl":{"start":{"line":142,"column":35},"end":{"line":142,"column":36}},"loc":{"start":{"line":149,"column":45},"end":{"line":183,"column":1}}},"13":{"name":"(anonymous_13)","decl":{"start":{"line":173,"column":48},"end":{"line":173,"column":49}},"loc":{"start":{"line":173,"column":53},"end":{"line":173,"column":65}}},"14":{"name":"(anonymous_14)","decl":{"start":{"line":190,"column":37},"end":{"line":190,"column":38}},"loc":{"start":{"line":193,"column":45},"end":{"line":208,"column":1}}},"15":{"name":"(anonymous_15)","decl":{"start":{"line":215,"column":34},"end":{"line":215,"column":35}},"loc":{"start":{"line":217,"column":45},"end":{"line":228,"column":1}}}},"branchMap":{"0":{"loc":{"start":{"line":11,"column":9},"end":{"line":11,"column":73}},"type":"binary-expr","locations":[{"start":{"line":11,"column":9},"end":{"line":11,"column":28}},{"start":{"line":11,"column":32},"end":{"line":11,"column":46}},{"start":{"line":11,"column":50},"end":{"line":11,"column":73}}]},"1":{"loc":{"start":{"line":20,"column":2},"end":{"line":20,"column":58}},"type":"if","locations":[{"start":{"line":20,"column":2},"end":{"line":20,"column":58}},{"start":{},"end":{}}]},"2":{"loc":{"start":{"line":20,"column":6},"end":{"line":20,"column":43}},"type":"binary-expr","locations":[{"start":{"line":20,"column":6},"end":{"line":20,"column":25}},{"start":{"line":20,"column":29},"end":{"line":20,"column":43}}]},"3":{"loc":{"start":{"line":22,"column":14},"end":{"line":22,"column":67}},"type":"cond-expr","locations":[{"start":{"line":22,"column":42},"end":{"line":22,"column":59}},{"start":{"line":22,"column":62},"end":{"line":22,"column":67}}]},"4":{"loc":{"start":{"line":23,"column":9},"end":{"line":23,"column":31}},"type":"binary-expr","locations":[{"start":{"line":23,"column":9},"end":{"line":23,"column":20}},{"start":{"line":23,"column":24},"end":{"line":23,"column":31}}]},"5":{"loc":{"start":{"line":32,"column":2},"end":{"line":32,"column":58}},"type":"if","locations":[{"start":{"line":32,"column":2},"end":{"line":32,"column":58}},{"start":{},"end":{}}]},"6":{"loc":{"start":{"line":32,"column":6},"end":{"line":32,"column":43}},"type":"binary-expr","locations":[{"start":{"line":32,"column":6},"end":{"line":32,"column":25}},{"start":{"line":32,"column":29},"end":{"line":32,"column":43}}]},"7":{"loc":{"start":{"line":34,"column":14},"end":{"line":34,"column":67}},"type":"cond-expr","locations":[{"start":{"line":34,"column":42},"end":{"line":34,"column":59}},{"start":{"line":34,"column":62},"end":{"line":34,"column":67}}]},"8":{"loc":{"start":{"line":35,"column":9},"end":{"line":35,"column":32}},"type":"binary-expr","locations":[{"start":{"line":35,"column":9},"end":{"line":35,"column":20}},{"start":{"line":35,"column":24},"end":{"line":35,"column":32}}]},"9":{"loc":{"start":{"line":54,"column":2},"end":{"line":54,"column":51}},"type":"if","locations":[{"start":{"line":54,"column":2},"end":{"line":54,"column":51}},{"start":{},"end":{}}]},"10":{"loc":{"start":{"line":59,"column":9},"end":{"line":61,"column":36}},"type":"binary-expr","locations":[{"start":{"line":59,"column":9},"end":{"line":59,"column":31}},{"start":{"line":60,"column":9},"end":{"line":60,"column":38}},{"start":{"line":61,"column":9},"end":{"line":61,"column":36}}]},"11":{"loc":{"start":{"line":72,"column":2},"end":{"line":77,"column":3}},"type":"if","locations":[{"start":{"line":72,"column":2},"end":{"line":77,"column":3}},{"start":{"line":75,"column":9},"end":{"line":77,"column":3}}]},"12":{"loc":{"start":{"line":91,"column":2},"end":{"line":91,"column":45}},"type":"if","locations":[{"start":{"line":91,"column":2},"end":{"line":91,"column":45}},{"start":{},"end":{}}]},"13":{"loc":{"start":{"line":134,"column":9},"end":{"line":134,"column":37}},"type":"binary-expr","locations":[{"start":{"line":134,"column":9},"end":{"line":134,"column":21}},{"start":{"line":134,"column":25},"end":{"line":134,"column":37}}]},"14":{"loc":{"start":{"line":152,"column":2},"end":{"line":154,"column":3}},"type":"if","locations":[{"start":{"line":152,"column":2},"end":{"line":154,"column":3}},{"start":{},"end":{}}]},"15":{"loc":{"start":{"line":156,"column":2},"end":{"line":158,"column":3}},"type":"if","locations":[{"start":{"line":156,"column":2},"end":{"line":158,"column":3}},{"start":{},"end":{}}]},"16":{"loc":{"start":{"line":156,"column":6},"end":{"line":156,"column":59}},"type":"binary-expr","locations":[{"start":{"line":156,"column":6},"end":{"line":156,"column":23}},{"start":{"line":156,"column":27},"end":{"line":156,"column":59}}]},"17":{"loc":{"start":{"line":160,"column":2},"end":{"line":162,"column":3}},"type":"if","locations":[{"start":{"line":160,"column":2},"end":{"line":162,"column":3}},{"start":{},"end":{}}]},"18":{"loc":{"start":{"line":164,"column":2},"end":{"line":166,"column":3}},"type":"if","locations":[{"start":{"line":164,"column":2},"end":{"line":166,"column":3}},{"start":{},"end":{}}]},"19":{"loc":{"start":{"line":168,"column":2},"end":{"line":177,"column":3}},"type":"if","locations":[{"start":{"line":168,"column":2},"end":{"line":177,"column":3}},{"start":{},"end":{}}]},"20":{"loc":{"start":{"line":168,"column":6},"end":{"line":168,"column":45}},"type":"binary-expr","locations":[{"start":{"line":168,"column":6},"end":{"line":168,"column":22}},{"start":{"line":168,"column":26},"end":{"line":168,"column":45}}]},"21":{"loc":{"start":{"line":169,"column":4},"end":{"line":171,"column":5}},"type":"if","locations":[{"start":{"line":169,"column":4},"end":{"line":171,"column":5}},{"start":{},"end":{}}]},"22":{"loc":{"start":{"line":174,"column":4},"end":{"line":176,"column":5}},"type":"if","locations":[{"start":{"line":174,"column":4},"end":{"line":176,"column":5}},{"start":{},"end":{}}]},"23":{"loc":{"start":{"line":196,"column":2},"end":{"line":198,"column":3}},"type":"if","locations":[{"start":{"line":196,"column":2},"end":{"line":198,"column":3}},{"start":{},"end":{}}]},"24":{"loc":{"start":{"line":200,"column":2},"end":{"line":202,"column":3}},"type":"if","locations":[{"start":{"line":200,"column":2},"end":{"line":202,"column":3}},{"start":{},"end":{}}]},"25":{"loc":{"start":{"line":220,"column":2},"end":{"line":222,"column":3}},"type":"if","locations":[{"start":{"line":220,"column":2},"end":{"line":222,"column":3}},{"start":{},"end":{}}]}},"s":{"0":1,"1":36,"2":1,"3":1,"4":15,"5":1,"6":14,"7":14,"8":1,"9":1,"10":7,"11":2,"12":5,"13":5,"14":1,"15":1,"16":12,"17":12,"18":1,"19":1,"20":8,"21":1,"22":7,"23":7,"24":7,"25":1,"26":1,"27":3,"28":2,"29":2,"30":1,"31":3,"32":3,"33":3,"34":1,"35":1,"36":9,"37":1,"38":8,"39":16,"40":8,"41":1,"42":1,"43":4,"44":4,"45":1,"46":1,"47":3,"48":1,"49":1,"50":2,"51":1,"52":1,"53":5,"54":1,"55":1,"56":9,"57":9,"58":1,"59":9,"60":1,"61":9,"62":1,"63":9,"64":1,"65":9,"66":4,"67":1,"68":4,"69":7,"70":4,"71":1,"72":9,"73":1,"74":1,"75":3,"76":3,"77":1,"78":3,"79":1,"80":3,"81":1,"82":1,"83":2,"84":2,"85":1,"86":2,"87":1},"f":{"0":36,"1":15,"2":7,"3":12,"4":8,"5":3,"6":9,"7":16,"8":4,"9":3,"10":2,"11":5,"12":9,"13":7,"14":3,"15":2},"b":{"0":[36,35,34],"1":[1,14],"2":[15,15],"3":[2,12],"4":[14,13],"5":[2,5],"6":[7,6],"7":[2,3],"8":[5,5],"9":[1,7],"10":[7,3,2],"11":[2,1],"12":[1,8],"13":[5,4],"14":[1,8],"15":[1,8],"16":[9,5],"17":[1,8],"18":[1,8],"19":[4,5],"20":[9,4],"21":[1,3],"22":[1,3],"23":[1,2],"24":[1,2],"25":[1,1]}}
}
