TN:
SF:utils/calculations.ts
FN:41,(anonymous_0)
FN:46,(anonymous_1)
FN:64,(anonymous_2)
FN:69,(anonymous_3)
FN:81,(anonymous_4)
FN:85,(anonymous_5)
FN:90,(anonymous_6)
FN:107,(anonymous_7)
FN:117,(anonymous_8)
FN:122,(anonymous_9)
FN:123,(anonymous_10)
FN:124,(anonymous_11)
FN:130,(anonymous_12)
FN:132,(anonymous_13)
FN:154,(anonymous_14)
FN:166,(anonymous_15)
FN:178,(anonymous_16)
FN:180,(anonymous_17)
FN:181,(anonymous_18)
FN:199,(anonymous_19)
FN:210,(anonymous_20)
FN:219,(anonymous_21)
FN:235,(anonymous_22)
FN:246,(anonymous_23)
FN:262,(anonymous_24)
FN:281,(anonymous_25)
FN:282,(anonymous_26)
FN:285,(anonymous_27)
FNF:28
FNH:28
FNDA:35,(anonymous_0)
FNDA:15,(anonymous_1)
FNDA:11,(anonymous_2)
FNDA:33,(anonymous_3)
FNDA:6,(anonymous_4)
FNDA:18,(anonymous_5)
FNDA:30,(anonymous_6)
FNDA:18,(anonymous_7)
FNDA:6,(anonymous_8)
FNDA:12,(anonymous_9)
FNDA:36,(anonymous_10)
FNDA:18,(anonymous_11)
FNDA:16,(anonymous_12)
FNDA:8,(anonymous_13)
FNDA:12,(anonymous_14)
FNDA:2,(anonymous_15)
FNDA:2,(anonymous_16)
FNDA:2,(anonymous_17)
FNDA:1,(anonymous_18)
FNDA:4,(anonymous_19)
FNDA:3,(anonymous_20)
FNDA:5,(anonymous_21)
FNDA:3,(anonymous_22)
FNDA:4,(anonymous_23)
FNDA:3,(anonymous_24)
FNDA:6,(anonymous_25)
FNDA:6,(anonymous_26)
FNDA:6,(anonymous_27)
DA:41,1
DA:45,35
DA:46,15
DA:47,9
DA:50,26
DA:51,9
DA:54,17
DA:64,1
DA:69,11
DA:70,33
DA:71,33
DA:81,1
DA:85,6
DA:86,18
DA:87,18
DA:88,18
DA:90,18
DA:91,30
DA:92,30
DA:93,12
DA:94,12
DA:95,12
DA:99,18
DA:107,18
DA:117,1
DA:122,6
DA:123,36
DA:124,18
DA:126,12
DA:127,12
DA:128,12
DA:130,12
DA:131,16
DA:132,4
DA:133,8
DA:134,4
DA:135,4
DA:136,4
DA:139,12
DA:140,6
DA:141,6
DA:142,6
DA:146,12
DA:154,12
DA:166,1
DA:173,2
DA:175,2
DA:176,2
DA:178,2
DA:179,2
DA:180,2
DA:181,1
DA:183,2
DA:199,1
DA:200,4
DA:201,3
DA:210,1
DA:214,3
DA:216,2
DA:217,2
DA:219,2
DA:220,5
DA:221,5
DA:235,1
DA:236,3
DA:246,1
DA:251,4
DA:252,3
DA:253,3
DA:254,3
DA:262,1
DA:270,3
DA:271,1
DA:281,6
DA:282,6
DA:284,2
DA:285,2
DA:286,6
DA:289,2
LF:79
LH:79
BRDA:45,0,0,9
BRDA:45,0,1,26
BRDA:45,1,0,35
BRDA:45,1,1,9
BRDA:47,2,0,9
BRDA:47,2,1,3
BRDA:50,3,0,9
BRDA:50,3,1,17
BRDA:71,4,0,33
BRDA:71,4,1,15
BRDA:92,5,0,12
BRDA:92,5,1,18
BRDA:94,6,0,8
BRDA:94,6,1,4
BRDA:131,7,0,4
BRDA:131,7,1,12
BRDA:131,8,0,16
BRDA:131,8,1,4
BRDA:133,9,0,4
BRDA:133,9,1,4
BRDA:135,10,0,2
BRDA:135,10,1,2
BRDA:139,11,0,6
BRDA:139,11,1,6
BRDA:141,12,0,3
BRDA:141,12,1,3
BRDA:200,13,0,1
BRDA:200,13,1,3
BRDA:214,14,0,1
BRDA:214,14,1,2
BRDA:220,15,0,2
BRDA:220,15,1,3
BRDA:249,16,0,3
BRDA:251,17,0,1
BRDA:251,17,1,3
BRDA:270,18,0,1
BRDA:270,18,1,2
BRDA:286,19,0,6
BRDA:286,19,1,4
BRF:39
BRH:39
end_of_record
TN:
SF:utils/formatters.ts
FN:10,(anonymous_0)
FN:23,(anonymous_1)
FN:39,(anonymous_2)
FN:50,(anonymous_3)
FN:65,(anonymous_4)
FN:81,(anonymous_5)
FN:97,(anonymous_6)
FN:125,(anonymous_7)
FN:127,(anonymous_8)
FN:135,(anonymous_9)
FN:147,(anonymous_10)
FN:160,(anonymous_11)
FNF:12
FNH:12
FNDA:5,(anonymous_0)
FNDA:5,(anonymous_1)
FNDA:3,(anonymous_2)
FNDA:2,(anonymous_3)
FNDA:2,(anonymous_4)
FNDA:3,(anonymous_5)
FNDA:12,(anonymous_6)
FNDA:3,(anonymous_7)
FNDA:3,(anonymous_8)
FNDA:1,(anonymous_9)
FNDA:3,(anonymous_10)
FNDA:4,(anonymous_11)
DA:10,1
DA:11,5
DA:23,1
DA:24,5
DA:25,5
DA:27,4
DA:31,4
DA:39,1
DA:40,3
DA:41,3
DA:42,2
DA:50,1
DA:51,2
DA:52,2
DA:54,1
DA:65,1
DA:66,2
DA:67,2
DA:69,1
DA:81,1
DA:82,3
DA:83,3
DA:85,2
DA:86,2
DA:87,2
DA:89,2
DA:97,1
DA:98,12
DA:99,12
DA:101,11
DA:103,11
DA:104,9
DA:105,7
DA:106,6
DA:108,4
DA:111,4
DA:114,2
DA:117,2
DA:125,1
DA:126,3
DA:127,3
DA:135,1
DA:136,1
DA:137,1
DA:138,1
DA:147,1
DA:148,3
DA:160,1
DA:161,4
LF:49
LH:49
BRDA:25,0,0,1
BRDA:25,0,1,4
BRDA:41,1,0,1
BRDA:41,1,1,2
BRDA:52,2,0,1
BRDA:52,2,1,1
BRDA:67,3,0,1
BRDA:67,3,1,1
BRDA:83,4,0,1
BRDA:83,4,1,2
BRDA:99,5,0,1
BRDA:99,5,1,11
BRDA:103,6,0,2
BRDA:103,6,1,9
BRDA:103,7,0,11
BRDA:103,7,1,10
BRDA:103,7,2,9
BRDA:104,8,0,2
BRDA:104,8,1,7
BRDA:104,9,0,9
BRDA:104,9,1,9
BRDA:105,10,0,1
BRDA:105,10,1,6
BRDA:105,11,0,7
BRDA:105,11,1,7
BRDA:106,12,0,2
BRDA:106,12,1,4
BRDA:106,13,0,6
BRDA:106,13,1,5
BRDA:111,14,0,2
BRDA:111,14,1,2
BRDA:111,15,0,4
BRDA:111,15,1,2
BRDA:111,15,2,2
BRDA:147,16,0,1
BRDA:160,17,0,3
BRF:36
BRH:36
end_of_record
TN:
SF:utils/validators.ts
FN:10,(anonymous_0)
FN:19,(anonymous_1)
FN:31,(anonymous_2)
FN:43,(anonymous_3)
FN:53,(anonymous_4)
FN:69,(anonymous_5)
FN:90,(anonymous_6)
FN:92,(anonymous_7)
FN:101,(anonymous_8)
FN:112,(anonymous_9)
FN:122,(anonymous_10)
FN:133,(anonymous_11)
FN:142,(anonymous_12)
FN:173,(anonymous_13)
FN:190,(anonymous_14)
FN:215,(anonymous_15)
FNF:16
FNH:16
FNDA:36,(anonymous_0)
FNDA:15,(anonymous_1)
FNDA:7,(anonymous_2)
FNDA:12,(anonymous_3)
FNDA:8,(anonymous_4)
FNDA:3,(anonymous_5)
FNDA:9,(anonymous_6)
FNDA:16,(anonymous_7)
FNDA:4,(anonymous_8)
FNDA:3,(anonymous_9)
FNDA:2,(anonymous_10)
FNDA:5,(anonymous_11)
FNDA:9,(anonymous_12)
FNDA:7,(anonymous_13)
FNDA:3,(anonymous_14)
FNDA:2,(anonymous_15)
DA:10,1
DA:11,36
DA:19,1
DA:20,15
DA:22,14
DA:23,14
DA:31,1
DA:32,7
DA:34,5
DA:35,5
DA:43,1
DA:44,12
DA:45,12
DA:53,1
DA:54,8
DA:56,7
DA:57,7
DA:59,7
DA:69,1
DA:72,3
DA:73,2
DA:74,2
DA:76,1
DA:79,3
DA:80,3
DA:82,3
DA:90,1
DA:91,9
DA:92,16
DA:93,8
DA:101,1
DA:102,4
DA:103,4
DA:112,1
DA:113,3
DA:122,1
DA:123,2
DA:133,1
DA:134,5
DA:142,1
DA:150,9
DA:152,9
DA:153,1
DA:156,9
DA:157,1
DA:160,9
DA:161,1
DA:164,9
DA:165,1
DA:168,9
DA:169,4
DA:170,1
DA:173,7
DA:174,4
DA:175,1
DA:179,9
DA:190,1
DA:194,3
DA:196,3
DA:197,1
DA:200,3
DA:201,1
DA:204,3
DA:215,1
DA:218,2
DA:220,2
DA:221,1
DA:224,2
LF:68
LH:68
BRDA:11,0,0,36
BRDA:11,0,1,35
BRDA:11,0,2,34
BRDA:20,1,0,1
BRDA:20,1,1,14
BRDA:20,2,0,15
BRDA:20,2,1,15
BRDA:22,3,0,2
BRDA:22,3,1,12
BRDA:23,4,0,14
BRDA:23,4,1,13
BRDA:32,5,0,2
BRDA:32,5,1,5
BRDA:32,6,0,7
BRDA:32,6,1,6
BRDA:34,7,0,2
BRDA:34,7,1,3
BRDA:35,8,0,5
BRDA:35,8,1,5
BRDA:54,9,0,1
BRDA:54,9,1,7
BRDA:59,10,0,7
BRDA:59,10,1,3
BRDA:59,10,2,2
BRDA:72,11,0,2
BRDA:72,11,1,1
BRDA:91,12,0,1
BRDA:91,12,1,8
BRDA:134,13,0,5
BRDA:134,13,1,4
BRDA:152,14,0,1
BRDA:152,14,1,8
BRDA:156,15,0,1
BRDA:156,15,1,8
BRDA:156,16,0,9
BRDA:156,16,1,5
BRDA:160,17,0,1
BRDA:160,17,1,8
BRDA:164,18,0,1
BRDA:164,18,1,8
BRDA:168,19,0,4
BRDA:168,19,1,5
BRDA:168,20,0,9
BRDA:168,20,1,4
BRDA:169,21,0,1
BRDA:169,21,1,3
BRDA:174,22,0,1
BRDA:174,22,1,3
BRDA:196,23,0,1
BRDA:196,23,1,2
BRDA:200,24,0,1
BRDA:200,24,1,2
BRDA:220,25,0,1
BRDA:220,25,1,1
BRF:54
BRH:54
end_of_record
